0 info it worked if it ends with ok
1 verbose cli [ 'node',
1 verbose cli   '/usr/local/bin/npm',
1 verbose cli   'install',
1 verbose cli   '-g',
1 verbose cli   'generator-meanjs' ]
2 info using npm@1.4.28
3 info using node@v0.10.35
4 verbose cache add [ 'generator-meanjs', null ]
5 verbose cache add name=undefined spec="generator-meanjs" args=["generator-meanjs",null]
6 verbose parsed url { protocol: null,
6 verbose parsed url   slashes: null,
6 verbose parsed url   auth: null,
6 verbose parsed url   host: null,
6 verbose parsed url   port: null,
6 verbose parsed url   hostname: null,
6 verbose parsed url   hash: null,
6 verbose parsed url   search: null,
6 verbose parsed url   query: null,
6 verbose parsed url   pathname: 'generator-meanjs',
6 verbose parsed url   path: 'generator-meanjs',
6 verbose parsed url   href: 'generator-meanjs' }
7 silly lockFile b29127bc-generator-meanjs generator-meanjs
8 verbose lock generator-meanjs /Users/apple/.npm/b29127bc-generator-meanjs.lock
9 silly lockFile b29127bc-generator-meanjs generator-meanjs
10 silly lockFile b29127bc-generator-meanjs generator-meanjs
11 verbose addNamed [ 'generator-meanjs', '' ]
12 verbose addNamed [ null, '*' ]
13 silly lockFile 3772e4e7-generator-meanjs generator-meanjs@
14 verbose lock generator-meanjs@ /Users/apple/.npm/3772e4e7-generator-meanjs.lock
15 silly addNameRange { name: 'generator-meanjs', range: '*', hasData: false }
16 verbose request where is /generator-meanjs
17 verbose request registry https://registry.npmjs.org/
18 verbose request id 94fb2b7d83adfacc
19 verbose url raw /generator-meanjs
20 verbose url resolving [ 'https://registry.npmjs.org/', './generator-meanjs' ]
21 verbose url resolved https://registry.npmjs.org/generator-meanjs
22 verbose request where is https://registry.npmjs.org/generator-meanjs
23 info trying registry request attempt 1 at 17:35:38
24 verbose etag "7UNB9D9LAHM14QWE53HZDKC70"
25 http GET https://registry.npmjs.org/generator-meanjs
26 http 304 https://registry.npmjs.org/generator-meanjs
27 silly registry.get cb [ 304,
27 silly registry.get   { date: 'Tue, 20 Jan 2015 09:35:40 GMT',
27 silly registry.get     server: 'Apache',
27 silly registry.get     via: '1.1 varnish',
27 silly registry.get     'last-modified': 'Tue, 20 Jan 2015 09:35:40 GMT',
27 silly registry.get     'cache-control': 'max-age=60',
27 silly registry.get     etag: '"7UNB9D9LAHM14QWE53HZDKC70"',
27 silly registry.get     age: '0',
27 silly registry.get     'x-served-by': 'cache-sjc3135-SJC',
27 silly registry.get     'x-cache': 'MISS',
27 silly registry.get     'x-cache-hits': '0',
27 silly registry.get     'x-timer': 'S1421746540.113374,VS0,VE434',
27 silly registry.get     vary: 'Accept',
27 silly registry.get     'content-length': '0',
27 silly registry.get     'keep-alive': 'timeout=10, max=50',
27 silly registry.get     connection: 'Keep-Alive' } ]
28 verbose etag https://registry.npmjs.org/generator-meanjs from cache
29 silly addNameRange number 2 { name: 'generator-meanjs', range: '*', hasData: true }
30 silly addNameRange versions [ 'generator-meanjs',
30 silly addNameRange   [ '0.0.1',
30 silly addNameRange     '0.0.2',
30 silly addNameRange     '0.0.3',
30 silly addNameRange     '0.0.4',
30 silly addNameRange     '0.0.5',
30 silly addNameRange     '0.0.6',
30 silly addNameRange     '0.0.7',
30 silly addNameRange     '0.0.8',
30 silly addNameRange     '0.0.9',
30 silly addNameRange     '0.1.0',
30 silly addNameRange     '0.1.1',
30 silly addNameRange     '0.1.2',
30 silly addNameRange     '0.1.3',
30 silly addNameRange     '0.1.4',
30 silly addNameRange     '0.1.5',
30 silly addNameRange     '0.1.6',
30 silly addNameRange     '0.1.7',
30 silly addNameRange     '0.1.8',
30 silly addNameRange     '0.1.9',
30 silly addNameRange     '0.1.10',
30 silly addNameRange     '0.1.11',
30 silly addNameRange     '0.1.12' ] ]
31 verbose addNamed [ 'generator-meanjs', '0.1.12' ]
32 verbose addNamed [ '0.1.12', '0.1.12' ]
33 silly lockFile f5fc0e65-generator-meanjs-0-1-12 generator-meanjs@0.1.12
34 verbose lock generator-meanjs@0.1.12 /Users/apple/.npm/f5fc0e65-generator-meanjs-0-1-12.lock
35 silly lockFile f5fc0e65-generator-meanjs-0-1-12 generator-meanjs@0.1.12
36 silly lockFile f5fc0e65-generator-meanjs-0-1-12 generator-meanjs@0.1.12
37 silly lockFile 3772e4e7-generator-meanjs generator-meanjs@
38 silly lockFile 3772e4e7-generator-meanjs generator-meanjs@
39 silly resolved [ { name: 'generator-meanjs',
39 silly resolved     version: '0.1.12',
39 silly resolved     description: 'MEAN.JS Official Yeoman Generator',
39 silly resolved     main: 'app/index.js',
39 silly resolved     repository:
39 silly resolved      { type: 'git',
39 silly resolved        url: 'https://github.com/meanjs/generator-meanjs' },
39 silly resolved     author:
39 silly resolved      { name: 'MEAN.JS Team',
39 silly resolved        email: 'support@meanjs.org',
39 silly resolved        url: 'https://github.com/meanjs' },
39 silly resolved     engines: { node: '>=0.10.0' },
39 silly resolved     scripts: { test: 'mocha' },
39 silly resolved     keywords:
39 silly resolved      [ 'yeoman-generator',
39 silly resolved        'scaffold',
39 silly resolved        'framework',
39 silly resolved        'component',
39 silly resolved        'front-end',
39 silly resolved        'app',
39 silly resolved        'mean',
39 silly resolved        'meanjs',
39 silly resolved        'node',
39 silly resolved        'express',
39 silly resolved        'angular' ],
39 silly resolved     dependencies:
39 silly resolved      { 'yeoman-generator': '~0.17.1',
39 silly resolved        chalk: '~0.5.1',
39 silly resolved        'underscore.inflections': '~0.2.1' },
39 silly resolved     devDependencies:
39 silly resolved      { assert: '~1.1.1',
39 silly resolved        async: '~0.9.0',
39 silly resolved        'fs-extra': '~0.10.0',
39 silly resolved        mocha: '~1.21.3',
39 silly resolved        temp: '~0.8.0' },
39 silly resolved     peerDependencies: { yo: '>=1.0.0' },
39 silly resolved     licenses: [ [Object] ],
39 silly resolved     gitHead: '130517cfafbc8be97d1c571e01595a58d2c5da72',
39 silly resolved     bugs: { url: 'https://github.com/meanjs/generator-meanjs/issues' },
39 silly resolved     homepage: 'https://github.com/meanjs/generator-meanjs',
39 silly resolved     _id: 'generator-meanjs@0.1.12',
39 silly resolved     _shasum: '778d776ef5867e7bcc6a8c0808a91830f2359bfa',
39 silly resolved     _from: 'generator-meanjs@',
39 silly resolved     _npmVersion: '1.4.23',
39 silly resolved     _npmUser: { name: 'amoshaviv', email: 'mail@amoshaviv.com' },
39 silly resolved     maintainers: [ [Object] ],
39 silly resolved     dist:
39 silly resolved      { shasum: '778d776ef5867e7bcc6a8c0808a91830f2359bfa',
39 silly resolved        tarball: 'http://registry.npmjs.org/generator-meanjs/-/generator-meanjs-0.1.12.tgz' },
39 silly resolved     directories: {},
39 silly resolved     _resolved: 'https://registry.npmjs.org/generator-meanjs/-/generator-meanjs-0.1.12.tgz',
39 silly resolved     readme: 'ERROR: No README data found!' } ]
40 info install generator-meanjs@0.1.12 into /usr/local/lib
41 info installOne generator-meanjs@0.1.12
42 verbose lib/node_modules/generator-meanjs unbuild
43 verbose tar unpack /Users/apple/.npm/generator-meanjs/0.1.12/package.tgz
44 silly lockFile 1a7b4c36-ib-node-modules-generator-meanjs tar:///usr/local/lib/node_modules/generator-meanjs
45 verbose lock tar:///usr/local/lib/node_modules/generator-meanjs /Users/apple/.npm/1a7b4c36-ib-node-modules-generator-meanjs.lock
46 silly lockFile 17d64039-erator-meanjs-0-1-12-package-tgz tar:///Users/apple/.npm/generator-meanjs/0.1.12/package.tgz
47 verbose lock tar:///Users/apple/.npm/generator-meanjs/0.1.12/package.tgz /Users/apple/.npm/17d64039-erator-meanjs-0-1-12-package-tgz.lock
48 silly gunzTarPerm modes [ '755', '644' ]
49 error Error: EACCES, mkdir '/usr/local/lib/node_modules/generator-meanjs'
49 error  { [Error: EACCES, mkdir '/usr/local/lib/node_modules/generator-meanjs']
49 error   errno: 3,
49 error   code: 'EACCES',
49 error   path: '/usr/local/lib/node_modules/generator-meanjs',
49 error   fstream_type: 'Directory',
49 error   fstream_path: '/usr/local/lib/node_modules/generator-meanjs',
49 error   fstream_class: 'DirWriter',
49 error   fstream_stack:
49 error    [ '/usr/local/lib/node_modules/npm/node_modules/fstream/lib/dir-writer.js:36:23',
49 error      '/usr/local/lib/node_modules/npm/node_modules/mkdirp/index.js:46:53',
49 error      'Object.oncomplete (fs.js:108:15)' ] }
50 error Please try running this command again as root/Administrator.
51 error System Darwin 14.0.0
52 error command "node" "/usr/local/bin/npm" "install" "-g" "generator-meanjs"
53 error cwd /Users/apple/Desktop/news
54 error node -v v0.10.35
55 error npm -v 1.4.28
56 error path /usr/local/lib/node_modules/generator-meanjs
57 error fstream_path /usr/local/lib/node_modules/generator-meanjs
58 error fstream_type Directory
59 error fstream_class DirWriter
60 error code EACCES
61 error errno 3
62 error stack Error: EACCES, mkdir '/usr/local/lib/node_modules/generator-meanjs'
63 error fstream_stack /usr/local/lib/node_modules/npm/node_modules/fstream/lib/dir-writer.js:36:23
63 error fstream_stack /usr/local/lib/node_modules/npm/node_modules/mkdirp/index.js:46:53
63 error fstream_stack Object.oncomplete (fs.js:108:15)
64 verbose exit [ 3, true ]
